# JRE version: Java(TM) SE Runtime Environment (8.0_73-b02) (build 1.8.0_73-b02)
# Java VM: Java HotSpot(TM) 64-Bit Server VM (25.73-b02 mixed mode windows-amd64 compressed oops)
Heap:
 PSYoungGen      total 268800K, used 102437K [0x00000000d5e00000, 0x00000000e6f00000, 0x0000000100000000)
  eden space 262656K, 36% used [0x00000000d5e00000,0x00000000dbc0e6c0,0x00000000e5e80000)
  from space 6144K, 99% used [0x00000000e6600000,0x00000000e6bfad48,0x00000000e6c00000)
  to   space 7680K, 0% used [0x00000000e5e80000,0x00000000e5e80000,0x00000000e6600000)
 ParOldGen       total 87552K, used 4139K [0x0000000081a00000, 0x0000000086f80000, 0x00000000d5e00000)
  object space 87552K, 4% used [0x0000000081a00000,0x0000000081e0ad98,0x0000000086f80000)
 Metaspace       used 15627K, capacity 15804K, committed 16128K, reserved 1062912K
  class space    used 1616K, capacity 1701K, committed 1792K, reserved 1048576K
GC Heap History (10 events):
Event: 0.351 GC heap before
{Heap before GC invocations=4 (full 0):
 PSYoungGen      total 38400K, used 35641K [0x00000000d5e00000, 0x00000000da900000, 0x0000000100000000)
  eden space 33280K, 100% used [0x00000000d5e00000,0x00000000d7e80000,0x00000000d7e80000)
  from space 5120K, 46% used [0x00000000d7e80000,0x00000000d80ce650,0x00000000d8380000)
  to   space 5120K, 0% used [0x00000000da400000,0x00000000da400000,0x00000000da900000)
 ParOldGen       total 87552K, used 24K [0x0000000081a00000, 0x0000000086f80000, 0x00000000d5e00000)
  object space 87552K, 0% used [0x0000000081a00000,0x0000000081a06000,0x0000000086f80000)
 Metaspace       used 7448K, capacity 7608K, committed 7936K, reserved 1056768K
  class space    used 817K, capacity 898K, committed 1024K, reserved 1048576K
Event: 0.354 GC heap after
Heap after GC invocations=4 (full 0):
 PSYoungGen      total 71680K, used 2699K [0x00000000d5e00000, 0x00000000da900000, 0x0000000100000000)
  eden space 66560K, 0% used [0x00000000d5e00000,0x00000000d5e00000,0x00000000d9f00000)
  from space 5120K, 52% used [0x00000000da400000,0x00000000da6a2eb0,0x00000000da900000)
  to   space 5120K, 0% used [0x00000000d9f00000,0x00000000d9f00000,0x00000000da400000)
 ParOldGen       total 87552K, used 32K [0x0000000081a00000, 0x0000000086f80000, 0x00000000d5e00000)
  object space 87552K, 0% used [0x0000000081a00000,0x0000000081a08000,0x0000000086f80000)
 Metaspace       used 7448K, capacity 7608K, committed 7936K, reserved 1056768K
  class space    used 817K, capacity 898K, committed 1024K, reserved 1048576K
}
Event: 0.382 GC heap before
{Heap before GC invocations=5 (full 0):
 PSYoungGen      total 71680K, used 69259K [0x00000000d5e00000, 0x00000000da900000, 0x0000000100000000)
  eden space 66560K, 100% used [0x00000000d5e00000,0x00000000d9f00000,0x00000000d9f00000)
  from space 5120K, 52% used [0x00000000da400000,0x00000000da6a2eb0,0x00000000da900000)
  to   space 5120K, 0% used [0x00000000d9f00000,0x00000000d9f00000,0x00000000da400000)
 ParOldGen       total 87552K, used 32K [0x0000000081a00000, 0x0000000086f80000, 0x00000000d5e00000)
  object space 87552K, 0% used [0x0000000081a00000,0x0000000081a08000,0x0000000086f80000)
 Metaspace       used 7455K, capacity 7608K, committed 7936K, reserved 1056768K
  class space    used 817K, capacity 898K, committed 1024K, reserved 1048576K
Event: 0.384 GC heap after
Heap after GC invocations=5 (full 0):
 PSYoungGen      total 71680K, used 3408K [0x00000000d5e00000, 0x00000000de700000, 0x0000000100000000)
  eden space 66560K, 0% used [0x00000000d5e00000,0x00000000d5e00000,0x00000000d9f00000)
  from space 5120K, 66% used [0x00000000d9f00000,0x00000000da254150,0x00000000da400000)
  to   space 3584K, 0% used [0x00000000de380000,0x00000000de380000,0x00000000de700000)
 ParOldGen       total 87552K, used 40K [0x0000000081a00000, 0x0000000086f80000, 0x00000000d5e00000)
  object space 87552K, 0% used [0x0000000081a00000,0x0000000081a0a000,0x0000000086f80000)
 Metaspace       used 7455K, capacity 7608K, committed 7936K, reserved 1056768K
  class space    used 817K, capacity 898K, committed 1024K, reserved 1048576K
}
Event: 0.403 GC heap before
{Heap before GC invocations=6 (full 0):
 PSYoungGen      total 71680K, used 69968K [0x00000000d5e00000, 0x00000000de700000, 0x0000000100000000)
  eden space 66560K, 100% used [0x00000000d5e00000,0x00000000d9f00000,0x00000000d9f00000)
  from space 5120K, 66% used [0x00000000d9f00000,0x00000000da254150,0x00000000da400000)
  to   space 3584K, 0% used [0x00000000de380000,0x00000000de380000,0x00000000de700000)
 ParOldGen       total 87552K, used 40K [0x0000000081a00000, 0x0000000086f80000, 0x00000000d5e00000)
  object space 87552K, 0% used [0x0000000081a00000,0x0000000081a0a000,0x0000000086f80000)
 Metaspace       used 7457K, capacity 7672K, committed 7936K, reserved 1056768K
  class space    used 817K, capacity 898K, committed 1024K, reserved 1048576K
Event: 0.406 GC heap after
Heap after GC invocations=6 (full 0):
 PSYoungGen      total 135680K, used 3563K [0x00000000d5e00000, 0x00000000de900000, 0x0000000100000000)
  eden space 132096K, 0% used [0x00000000d5e00000,0x00000000d5e00000,0x00000000ddf00000)
  from space 3584K, 99% used [0x00000000de380000,0x00000000de6fafa8,0x00000000de700000)
  to   space 4608K, 0% used [0x00000000ddf00000,0x00000000ddf00000,0x00000000de380000)
 ParOldGen       total 87552K, used 456K [0x0000000081a00000, 0x0000000086f80000, 0x00000000d5e00000)
  object space 87552K, 0% used [0x0000000081a00000,0x0000000081a72000,0x0000000086f80000)
 Metaspace       used 7457K, capacity 7672K, committed 7936K, reserved 1056768K
  class space    used 817K, capacity 898K, committed 1024K, reserved 1048576K
}
Event: 0.480 GC heap before
{Heap before GC invocations=7 (full 0):
 PSYoungGen      total 135680K, used 135659K [0x00000000d5e00000, 0x00000000de900000, 0x0000000100000000)
  eden space 132096K, 100% used [0x00000000d5e00000,0x00000000ddf00000,0x00000000ddf00000)
  from space 3584K, 99% used [0x00000000de380000,0x00000000de6fafa8,0x00000000de700000)
  to   space 4608K, 0% used [0x00000000ddf00000,0x00000000ddf00000,0x00000000de380000)
 ParOldGen       total 87552K, used 456K [0x0000000081a00000, 0x0000000086f80000, 0x00000000d5e00000)
  object space 87552K, 0% used [0x0000000081a00000,0x0000000081a72000,0x0000000086f80000)
 Metaspace       used 7462K, capacity 7672K, committed 7936K, reserved 1056768K
  class space    used 817K, capacity 898K, committed 1024K, reserved 1048576K
Event: 0.486 GC heap after
Heap after GC invocations=7 (full 0):
 PSYoungGen      total 136704K, used 4590K [0x00000000d5e00000, 0x00000000e6c00000, 0x0000000100000000)
  eden space 132096K, 0% used [0x00000000d5e00000,0x00000000d5e00000,0x00000000ddf00000)
  from space 4608K, 99% used [0x00000000ddf00000,0x00000000de37b870,0x00000000de380000)
  to   space 6144K, 0% used [0x00000000e6600000,0x00000000e6600000,0x00000000e6c00000)
 ParOldGen       total 87552K, used 2386K [0x0000000081a00000, 0x0000000086f80000, 0x00000000d5e00000)
  object space 87552K, 2% used [0x0000000081a00000,0x0000000081c54878,0x0000000086f80000)
 Metaspace       used 7462K, capacity 7672K, committed 7936K, reserved 1056768K
  class space    used 817K, capacity 898K, committed 1024K, reserved 1048576K
}
Event: 0.551 GC heap before
{Heap before GC invocations=8 (full 0):
 PSYoungGen      total 136704K, used 136686K [0x00000000d5e00000, 0x00000000e6c00000, 0x0000000100000000)
  eden space 132096K, 100% used [0x00000000d5e00000,0x00000000ddf00000,0x00000000ddf00000)
  from space 4608K, 99% used [0x00000000ddf00000,0x00000000de37b870,0x00000000de380000)
  to   space 6144K, 0% used [0x00000000e6600000,0x00000000e6600000,0x00000000e6c00000)
 ParOldGen       total 87552K, used 2386K [0x0000000081a00000, 0x0000000086f80000, 0x00000000d5e00000)
  object space 87552K, 2% used [0x0000000081a00000,0x0000000081c54878,0x0000000086f80000)
 Metaspace       used 7467K, capacity 7672K, committed 7936K, reserved 1056768K
  class space    used 817K, capacity 898K, committed 1024K, reserved 1048576K
Event: 0.557 GC heap after
Heap after GC invocations=8 (full 0):
 PSYoungGen      total 268800K, used 6123K [0x00000000d5e00000, 0x00000000e6f00000, 0x0000000100000000)
  eden space 262656K, 0% used [0x00000000d5e00000,0x00000000d5e00000,0x00000000e5e80000)
  from space 6144K, 99% used [0x00000000e6600000,0x00000000e6bfad48,0x00000000e6c00000)
  to   space 7680K, 0% used [0x00000000e5e80000,0x00000000e5e80000,0x00000000e6600000)
 ParOldGen       total 87552K, used 4139K [0x0000000081a00000, 0x0000000086f80000, 0x00000000d5e00000)
  object space 87552K, 4% used [0x0000000081a00000,0x0000000081e0ad98,0x0000000086f80000)
 Metaspace       used 7467K, capacity 7672K, committed 7936K, reserved 1056768K
  class space    used 817K, capacity 898K, committed 1024K, reserved 1048576K
}

